<?xml version="1.0" encoding="UTF-8"?>
<!-- Generated by org.testng.reporters.JUnitReportReporter -->
<testsuite skipped="0" hostname="DESKTOP-93AJJT7" name="com.training.sanity.tests.NewTest" tests="4" failures="0" timestamp="04 Jul 2019 04:53:11 GMT" time="0.018" errors="0">
  <testcase name="IncorrectUsername" time="0.003" classname="com.training.sanity.tests.NewTest"/>
  <testcase name="IncorrectUsername" time="0.002" classname="com.training.sanity.tests.NewTest"/>
  <testcase name="IncorrectUsername" time="0.003" classname="com.training.sanity.tests.NewTest"/>
  <testcase name="IncorrectUsername" time="0.010" classname="com.training.sanity.tests.NewTest"/>
</testsuite> <!-- com.training.sanity.tests.NewTest -->
