<?xml version="1.0" encoding="UTF-8"?>
<!-- Generated by org.testng.reporters.JUnitReportReporter -->
<testsuite skipped="0" hostname="DESKTOP-93AJJT7" name="com.training.sanity.tests.RTTC_036" tests="1" failures="0" timestamp="05 Jul 2019 15:27:43 GMT" time="64.905" errors="0">
  <testcase name="DeletePRoductCart" time="64.905" classname="com.training.sanity.tests.RTTC_036"/>
</testsuite> <!-- com.training.sanity.tests.RTTC_036 -->
