<?xml version="1.0" encoding="UTF-8"?>
<!-- Generated by org.testng.reporters.JUnitReportReporter -->
<testsuite skipped="0" hostname="DESKTOP-93AJJT7" name="com.training.sanity.tests.RTTC_009" tests="1" failures="0" timestamp="04 Jul 2019 05:36:35 GMT" time="495.029" errors="0">
  <testcase name="DeletePRoductCart" time="495.029" classname="com.training.sanity.tests.RTTC_009"/>
</testsuite> <!-- com.training.sanity.tests.RTTC_009 -->
