<?xml version="1.0" encoding="UTF-8"?>
<!-- Generated by org.testng.reporters.JUnitReportReporter -->
<testsuite skipped="0" hostname="DESKTOP-93AJJT7" name="com.training.sanity.tests.RTTC_008" tests="1" failures="0" timestamp="30 Jun 2019 07:16:58 GMT" time="220.517" errors="0">
  <testcase name="selectValuesDropdown" time="220.517" classname="com.training.sanity.tests.RTTC_008"/>
</testsuite> <!-- com.training.sanity.tests.RTTC_008 -->
