<?xml version="1.0" encoding="UTF-8"?>
<!-- Generated by org.testng.reporters.JUnitReportReporter -->
<testsuite skipped="0" hostname="DESKTOP-93AJJT7" name="com.training.sanity.tests.RTTC_006" tests="1" failures="0" timestamp="30 Jun 2019 06:56:34 GMT" time="230.911" errors="0">
  <testcase name="Menuclick" time="230.911" classname="com.training.sanity.tests.RTTC_006"/>
</testsuite> <!-- com.training.sanity.tests.RTTC_006 -->
