<?xml version="1.0" encoding="UTF-8"?>
<!-- Generated by org.testng.reporters.JUnitReportReporter -->
<testsuite skipped="0" hostname="DESKTOP-93AJJT7" name="com.training.sanity.tests.LoginTestR_006" tests="1" failures="0" timestamp="29 Jun 2019 17:38:22 GMT" time="38.144" errors="0">
  <testcase name="validLoginTest" time="38.144" classname="com.training.sanity.tests.LoginTestR_006"/>
</testsuite> <!-- com.training.sanity.tests.LoginTestR_006 -->
