<?xml version="1.0" encoding="UTF-8"?>
<!-- Generated by org.testng.reporters.JUnitReportReporter -->
<testsuite skipped="0" hostname="DESKTOP-93AJJT7" name="com.training.sanity.tests.RTTC_009" tests="1" failures="0" timestamp="01 Jul 2019 05:09:40 GMT" time="527.504" errors="0">
  <testcase name="DeletePRoductCart" time="527.504" classname="com.training.sanity.tests.RTTC_009"/>
</testsuite> <!-- com.training.sanity.tests.RTTC_009 -->
