<?xml version="1.0" encoding="UTF-8"?>
<!-- Generated by org.testng.reporters.JUnitReportReporter -->
<testsuite skipped="0" hostname="DESKTOP-93AJJT7" name="com.training.sanity.tests.RTTC_007" tests="1" failures="0" timestamp="30 Jun 2019 07:05:10 GMT" time="226.055" errors="0">
  <testcase name="Menuclick" time="226.055" classname="com.training.sanity.tests.RTTC_007"/>
</testsuite> <!-- com.training.sanity.tests.RTTC_007 -->
